<?xml version="1.0" encoding="UTF-8"?>
<!-- Generated by org.testng.reporters.JUnitReportReporter -->
<testsuite hostname="IN-HVB0BK3" failures="0" tests="2" name="com.example.CalculatorTest" time="0.009" errors="0" timestamp="2025-04-08T12:07:20 IST" skipped="0">
  <testcase classname="com.example.CalculatorTest" name="testAddition" time="0.009"/>
  <testcase classname="com.example.CalculatorTest" name="testSubtraction" time="0.000"/>
</testsuite> <!-- com.example.CalculatorTest -->
